uSensord: 2016/09/09 13:43:02 haptic.go:313: Successfully registered com.canonical.usensord on the bus
uSensord: 2016/09/09 13:43:02 haptic.go:321: configFile: /home/phablet/.config/usensord/prop.json
uSensord: 2016/09/09 13:43:02 haptic.go:331: pvalueb is 1
uSensord: 2016/09/09 13:43:02 haptic.go:331: Connected to DBUS
uSensord: 2016/09/09 13:43:02 usensord.go:94: uSensord starting...
uSensord: 2016/09/09 13:43:46 haptic.go:144: handleHapticInterface
uSensord: 2016/09/09 13:43:46 haptic.go:145: handleHapticInterface msg sender: :1.103
uSensord: 2016/09/09 13:43:46 haptic.go:147: handleHapticInterface1
uSensord: 2016/09/09 13:43:46 haptic.go:149: handleHapticInterface2
uSensord: 2016/09/09 13:43:46 haptic.go:162: caller process id: 3256
uSensord: 2016/09/09 13:43:46 haptic.go:166: aa_is_enabled
uSensord: 2016/09/09 13:43:46 haptic.go:169: caller process label: unconfined
uSensord: 2016/09/09 13:43:46 haptic.go:169: process name: /usr/bin/unity8
uSensord: 2016/09/09 13:43:46 haptic.go:169: Received Vibrate() method call 10
uSensord: 2016/09/09 13:43:46 haptic.go:267: Suspend blocker cookie:  2
uSensord: 2016/09/09 13:43:47 haptic.go:144: handleHapticInterface
uSensord: 2016/09/09 13:43:47 haptic.go:145: handleHapticInterface msg sender: :1.95
uSensord: 2016/09/09 13:43:47 haptic.go:147: handleHapticInterface1
uSensord: 2016/09/09 13:43:47 haptic.go:149: handleHapticInterface2
uSensord: 2016/09/09 13:43:47 haptic.go:162: caller process id: 3726
uSensord: 2016/09/09 13:43:47 haptic.go:166: aa_is_enabled
uSensord: 2016/09/09 13:43:47 haptic.go:169: caller process label: unconfined
uSensord: 2016/09/09 13:43:47 haptic.go:169: process name: /usr/bin/maliit-server
uSensord: 2016/09/09 13:43:47 haptic.go:169: OSK calling
uSensord: 2016/09/09 13:43:47 haptic.go:169: Received Vibrate() method call 10
uSensord: 2016/09/09 13:43:48 haptic.go:144: handleHapticInterface
uSensord: 2016/09/09 13:43:48 haptic.go:145: handleHapticInterface msg sender: :1.95
uSensord: 2016/09/09 13:43:48 haptic.go:147: handleHapticInterface1
uSensord: 2016/09/09 13:43:48 haptic.go:149: handleHapticInterface2
uSensord: 2016/09/09 13:43:48 haptic.go:162: caller process id: 3726
uSensord: 2016/09/09 13:43:48 haptic.go:166: aa_is_enabled
uSensord: 2016/09/09 13:43:48 haptic.go:169: caller process label: unconfined
uSensord: 2016/09/09 13:43:48 haptic.go:169: process name: /usr/bin/maliit-server
uSensord: 2016/09/09 13:43:48 haptic.go:169: OSK calling
uSensord: 2016/09/09 13:43:48 haptic.go:169: Received Vibrate() method call 10
uSensord: 2016/09/09 13:43:48 haptic.go:144: handleHapticInterface
uSensord: 2016/09/09 13:43:48 haptic.go:145: handleHapticInterface msg sender: :1.95
uSensord: 2016/09/09 13:43:48 haptic.go:147: handleHapticInterface1
uSensord: 2016/09/09 13:43:48 haptic.go:149: handleHapticInterface2
uSensord: 2016/09/09 13:43:48 haptic.go:162: caller process id: 3726
uSensord: 2016/09/09 13:43:48 haptic.go:166: aa_is_enabled
uSensord: 2016/09/09 13:43:48 haptic.go:169: caller process label: unconfined
uSensord: 2016/09/09 13:43:48 haptic.go:169: process name: /usr/bin/maliit-server
uSensord: 2016/09/09 13:43:48 haptic.go:169: OSK calling
uSensord: 2016/09/09 13:43:48 haptic.go:169: Received Vibrate() method call 10
uSensord: 2016/09/09 13:43:48 haptic.go:144: handleHapticInterface
uSensord: 2016/09/09 13:43:48 haptic.go:145: handleHapticInterface msg sender: :1.95
uSensord: 2016/09/09 13:43:48 haptic.go:147: handleHapticInterface1
uSensord: 2016/09/09 13:43:48 haptic.go:149: handleHapticInterface2
uSensord: 2016/09/09 13:43:48 haptic.go:162: caller process id: 3726
uSensord: 2016/09/09 13:43:48 haptic.go:166: aa_is_enabled
uSensord: 2016/09/09 13:43:48 haptic.go:169: caller process label: unconfined
uSensord: 2016/09/09 13:43:48 haptic.go:169: process name: /usr/bin/maliit-server
uSensord: 2016/09/09 13:43:48 haptic.go:169: OSK calling
uSensord: 2016/09/09 13:43:48 haptic.go:169: Received Vibrate() method call 10
uSensord: 2016/09/09 13:43:48 haptic.go:144: handleHapticInterface
uSensord: 2016/09/09 13:43:48 haptic.go:145: handleHapticInterface msg sender: :1.95
uSensord: 2016/09/09 13:43:48 haptic.go:147: handleHapticInterface1
uSensord: 2016/09/09 13:43:48 haptic.go:149: handleHapticInterface2
uSensord: 2016/09/09 13:43:48 haptic.go:162: caller process id: 3726
uSensord: 2016/09/09 13:43:48 haptic.go:166: aa_is_enabled
uSensord: 2016/09/09 13:43:48 haptic.go:169: caller process label: unconfined
uSensord: 2016/09/09 13:43:48 haptic.go:169: process name: /usr/bin/maliit-server
uSensord: 2016/09/09 13:43:48 haptic.go:169: OSK calling
uSensord: 2016/09/09 13:43:48 haptic.go:169: Received Vibrate() method call 10
uSensord: 2016/09/09 13:43:49 haptic.go:144: handleHapticInterface
uSensord: 2016/09/09 13:43:49 haptic.go:145: handleHapticInterface msg sender: :1.95
uSensord: 2016/09/09 13:43:49 haptic.go:147: handleHapticInterface1
uSensord: 2016/09/09 13:43:49 haptic.go:149: handleHapticInterface2
uSensord: 2016/09/09 13:43:49 haptic.go:162: caller process id: 3726
uSensord: 2016/09/09 13:43:49 haptic.go:166: aa_is_enabled
uSensord: 2016/09/09 13:43:49 haptic.go:169: caller process label: unconfined
uSensord: 2016/09/09 13:43:49 haptic.go:169: process name: /usr/bin/maliit-server
uSensord: 2016/09/09 13:43:49 haptic.go:169: OSK calling
uSensord: 2016/09/09 13:43:49 haptic.go:169: Received Vibrate() method call 10
uSensord: 2016/09/09 13:43:50 haptic.go:271: Clearing suspend blocker
uSensord: 2016/09/09 13:43:55 haptic.go:144: handleHapticInterface
uSensord: 2016/09/09 13:43:55 haptic.go:145: handleHapticInterface msg sender: :1.103
uSensord: 2016/09/09 13:43:55 haptic.go:147: handleHapticInterface1
uSensord: 2016/09/09 13:43:55 haptic.go:149: handleHapticInterface2
uSensord: 2016/09/09 13:43:55 haptic.go:162: caller process id: 3256
uSensord: 2016/09/09 13:43:55 haptic.go:166: aa_is_enabled
uSensord: 2016/09/09 13:43:55 haptic.go:169: caller process label: unconfined
uSensord: 2016/09/09 13:43:55 haptic.go:169: process name: /usr/bin/unity8
uSensord: 2016/09/09 13:43:55 haptic.go:169: Received Vibrate() method call 10
uSensord: 2016/09/09 13:43:55 haptic.go:267: Suspend blocker cookie:  3
uSensord: 2016/09/09 13:43:57 haptic.go:271: Clearing suspend blocker
uSensord: 2016/09/09 13:43:59 haptic.go:144: handleHapticInterface
uSensord: 2016/09/09 13:43:59 haptic.go:145: handleHapticInterface msg sender: :1.108
uSensord: 2016/09/09 13:43:59 haptic.go:147: handleHapticInterface1
uSensord: 2016/09/09 13:43:59 haptic.go:149: handleHapticInterface2
uSensord: 2016/09/09 13:43:59 haptic.go:162: caller process id: 4010
uSensord: 2016/09/09 13:43:59 haptic.go:166: aa_is_enabled
uSensord: 2016/09/09 13:43:59 haptic.go:169: caller process label: unity8-dash (enforce)
uSensord: 2016/09/09 13:43:59 haptic.go:169: Received Vibrate() method call 10
uSensord: 2016/09/09 13:43:59 haptic.go:267: Suspend blocker cookie:  4
uSensord: 2016/09/09 13:44:01 haptic.go:271: Clearing suspend blocker
uSensord: 2016/09/09 13:44:13 haptic.go:144: handleHapticInterface
uSensord: 2016/09/09 13:44:13 haptic.go:145: handleHapticInterface msg sender: :1.114
uSensord: 2016/09/09 13:44:13 haptic.go:147: handleHapticInterface1
uSensord: 2016/09/09 13:44:13 haptic.go:149: handleHapticInterface2
uSensord: 2016/09/09 13:44:13 haptic.go:162: caller process id: 4502
uSensord: 2016/09/09 13:44:13 haptic.go:166: aa_is_enabled
uSensord: 2016/09/09 13:44:13 haptic.go:169: caller process label: com.ubuntu.clock_clock_3.7.456 (enforce)
uSensord: 2016/09/09 13:44:13 haptic.go:169: Received Vibrate() method call 10
uSensord: 2016/09/09 13:44:13 haptic.go:267: Suspend blocker cookie:  6
uSensord: 2016/09/09 13:44:14 haptic.go:144: handleHapticInterface
uSensord: 2016/09/09 13:44:14 haptic.go:145: handleHapticInterface msg sender: :1.114
uSensord: 2016/09/09 13:44:14 haptic.go:147: handleHapticInterface1
uSensord: 2016/09/09 13:44:14 haptic.go:149: handleHapticInterface2
uSensord: 2016/09/09 13:44:14 haptic.go:162: caller process id: 4502
uSensord: 2016/09/09 13:44:14 haptic.go:166: aa_is_enabled
uSensord: 2016/09/09 13:44:14 haptic.go:169: caller process label: com.ubuntu.clock_clock_3.7.456 (enforce)
uSensord: 2016/09/09 13:44:14 haptic.go:169: Received Vibrate() method call 10
uSensord: 2016/09/09 13:44:16 haptic.go:271: Clearing suspend blocker
uSensord: 2016/09/09 13:44:18 haptic.go:144: handleHapticInterface
uSensord: 2016/09/09 13:44:18 haptic.go:145: handleHapticInterface msg sender: :1.114
uSensord: 2016/09/09 13:44:18 haptic.go:147: handleHapticInterface1
uSensord: 2016/09/09 13:44:18 haptic.go:149: handleHapticInterface2
uSensord: 2016/09/09 13:44:18 haptic.go:162: caller process id: 4502
uSensord: 2016/09/09 13:44:18 haptic.go:166: aa_is_enabled
uSensord: 2016/09/09 13:44:18 haptic.go:169: caller process label: com.ubuntu.clock_clock_3.7.456 (enforce)
uSensord: 2016/09/09 13:44:18 haptic.go:169: Received Vibrate() method call 10
uSensord: 2016/09/09 13:44:18 haptic.go:267: Suspend blocker cookie:  7
uSensord: 2016/09/09 13:44:20 haptic.go:271: Clearing suspend blocker
uSensord: 2016/09/09 13:44:30 haptic.go:144: handleHapticInterface
uSensord: 2016/09/09 13:44:30 haptic.go:145: handleHapticInterface msg sender: :1.114
uSensord: 2016/09/09 13:44:30 haptic.go:147: handleHapticInterface1
uSensord: 2016/09/09 13:44:30 haptic.go:149: handleHapticInterface2
uSensord: 2016/09/09 13:44:30 haptic.go:162: caller process id: 4502
uSensord: 2016/09/09 13:44:30 haptic.go:166: aa_is_enabled
uSensord: 2016/09/09 13:44:30 haptic.go:169: caller process label: com.ubuntu.clock_clock_3.7.456 (enforce)
uSensord: 2016/09/09 13:44:30 haptic.go:169: Received Vibrate() method call 10
uSensord: 2016/09/09 13:44:30 haptic.go:267: Suspend blocker cookie:  8
uSensord: 2016/09/09 13:44:31 haptic.go:271: Clearing suspend blocker
uSensord: 2016/09/09 13:48:00 haptic.go:144: handleHapticInterface
uSensord: 2016/09/09 13:48:00 haptic.go:145: handleHapticInterface msg sender: :1.63
uSensord: 2016/09/09 13:48:00 haptic.go:147: handleHapticInterface1
